0 info it worked if it ends with ok
1 verbose cli [ '/usr/local/bin/node', '/usr/local/bin/npm', 'start' ]
2 info using npm@3.10.3
3 info using node@v6.7.0
4 verbose run-script [ 'prestart', 'start', 'poststart' ]
5 info lifecycle ProtoGrid@1.0.0~prestart: ProtoGrid@1.0.0
6 silly lifecycle ProtoGrid@1.0.0~prestart: no script for prestart, continuing
7 info lifecycle ProtoGrid@1.0.0~start: ProtoGrid@1.0.0
8 verbose lifecycle ProtoGrid@1.0.0~start: unsafe-perm in lifecycle true
9 verbose lifecycle ProtoGrid@1.0.0~start: PATH: /usr/local/lib/node_modules/npm/bin/node-gyp-bin:/Users/amitbadheka/work/ProtoGrid/node_modules/.bin:/usr/local/bin:/Users/amitbadheka/.rvm/gems/ruby-2.3.3/bin:/Users/amitbadheka/.rvm/gems/ruby-2.3.3@global/bin:/Users/amitbadheka/.rvm/rubies/ruby-2.3.3/bin:/usr/local/opt/imagemagick@6/bin:/usr/local/opt/imagemagick@6/bin:/usr/local/opt/imagemagick@6/bin:/usr/local/mysql/bin:/usr/local/opt/openssl/bin:/Users/amitbadheka/google-cloud-sdk/bin:/usr/local/sbin:/usr/local/opt/openvpn/sbin:/Applications/Sublime Text.app/Contents/SharedSupport/bin:/Applications/Postgres.app/Contents/Versions/9.5/bin:/Library/Frameworks/Python.framework/Versions/3.6/bin:/Library/Frameworks/Python.framework/Versions/3.5/bin:/usr/local/bin:/usr/bin:/bin:/usr/sbin:/sbin:/opt/X11/bin:/Users/amitbadheka/.rvm/bin
10 verbose lifecycle ProtoGrid@1.0.0~start: CWD: /Users/amitbadheka/work/ProtoGrid
11 silly lifecycle ProtoGrid@1.0.0~start: Args: [ '-c', 'webpack-dev-server --public --host 0.0.0.0' ]
12 silly lifecycle ProtoGrid@1.0.0~start: Returned: code: 1  signal: null
13 info lifecycle ProtoGrid@1.0.0~start: Failed to exec start script
14 verbose stack Error: ProtoGrid@1.0.0 start: `webpack-dev-server --public --host 0.0.0.0`
14 verbose stack Exit status 1
14 verbose stack     at EventEmitter.<anonymous> (/usr/local/lib/node_modules/npm/lib/utils/lifecycle.js:242:16)
14 verbose stack     at emitTwo (events.js:106:13)
14 verbose stack     at EventEmitter.emit (events.js:191:7)
14 verbose stack     at ChildProcess.<anonymous> (/usr/local/lib/node_modules/npm/lib/utils/spawn.js:40:14)
14 verbose stack     at emitTwo (events.js:106:13)
14 verbose stack     at ChildProcess.emit (events.js:191:7)
14 verbose stack     at maybeClose (internal/child_process.js:877:16)
14 verbose stack     at Process.ChildProcess._handle.onexit (internal/child_process.js:226:5)
15 verbose pkgid ProtoGrid@1.0.0
16 verbose cwd /Users/amitbadheka/work/ProtoGrid
17 error Darwin 17.2.0
18 error argv "/usr/local/bin/node" "/usr/local/bin/npm" "start"
19 error node v6.7.0
20 error npm  v3.10.3
21 error code ELIFECYCLE
22 error ProtoGrid@1.0.0 start: `webpack-dev-server --public --host 0.0.0.0`
22 error Exit status 1
23 error Failed at the ProtoGrid@1.0.0 start script 'webpack-dev-server --public --host 0.0.0.0'.
23 error Make sure you have the latest version of node.js and npm installed.
23 error If you do, this is most likely a problem with the ProtoGrid package,
23 error not with npm itself.
23 error Tell the author that this fails on your system:
23 error     webpack-dev-server --public --host 0.0.0.0
23 error You can get information on how to open an issue for this project with:
23 error     npm bugs ProtoGrid
23 error Or if that isn't available, you can get their info via:
23 error     npm owner ls ProtoGrid
23 error There is likely additional logging output above.
24 verbose exit [ 1, true ]
